2025-06-12 21:32:01 - src.utils.utils - INFO - Verificaci칩n completada, iniciando sistema 游游游
2025-06-12 21:32:01 - __main__ - INFO - Usando dispositivo: cpu
2025-06-12 21:32:01 - __main__ - INFO - Cargando checkpoint desde 'models\CNN3D\20250609-192131\model_CNN3D_best.pth'
2025-06-12 21:32:01 - __main__ - INFO - Instanciando modelo CNN3D.
2025-06-12 21:32:01 - src.preprocess.dataset_soccernet - INFO - Tama침o de salida detectado de la transformaci칩n 'Resize': (128, 128)
2025-06-12 21:32:01 - src.models.main_cnn3d - INFO - Dimensiones de entrada al modelo (C, T, H, W): (1, 16, 128, 128)
2025-06-12 21:32:01 - src.models.main_cnn3d - INFO - Dimensiones tras self.features (antes de adaptive_pool): torch.Size([1, 64, 1, 8, 8])
2025-06-12 21:32:01 - src.models.main_cnn3d - INFO - Despu칠s de adaptive_pool, las dimensiones espaciales/temporales se reducen a (1,1,1).
2025-06-12 21:32:01 - src.models.main_cnn3d - INFO - N칰mero de caracter칤sticas para la capa lineal (FC): 64
2025-06-12 21:32:01 - __main__ - ERROR - En RuntimeError: Error(s) in loading state_dict for SimpleCNN3D:
	size mismatch for features.0.weight: copying a param with shape torch.Size([32, 3, 3, 3, 3]) from checkpoint, the shape in current model is torch.Size([32, 1, 3, 3, 3]).
	size mismatch for features.15.weight: copying a param with shape torch.Size([256, 128, 3, 3, 3]) from checkpoint, the shape in current model is torch.Size([64, 128, 3, 3, 3]).
	size mismatch for features.15.bias: copying a param with shape torch.Size([256]) from checkpoint, the shape in current model is torch.Size([64]).
	size mismatch for features.16.weight: copying a param with shape torch.Size([256]) from checkpoint, the shape in current model is torch.Size([64]).
	size mismatch for features.16.bias: copying a param with shape torch.Size([256]) from checkpoint, the shape in current model is torch.Size([64]).
	size mismatch for features.16.running_mean: copying a param with shape torch.Size([256]) from checkpoint, the shape in current model is torch.Size([64]).
	size mismatch for features.16.running_var: copying a param with shape torch.Size([256]) from checkpoint, the shape in current model is torch.Size([64]).
	size mismatch for fc.0.weight: copying a param with shape torch.Size([1024, 256]) from checkpoint, the shape in current model is torch.Size([1024, 64]).
2025-06-14 08:45:12 - src.utils.utils - INFO - Verificaci칩n completada, iniciando sistema 游游游
2025-06-14 08:45:12 - __main__ - INFO - Usando dispositivo: cpu
2025-06-14 08:45:12 - __main__ - INFO - Usando umbrales de confianza por clase: {'Goal': 0.85, 'Yellow card': 0.7, 'Substitution': 0.75, 'Corner': 0.9}
2025-06-14 08:45:12 - __main__ - INFO - Cargando checkpoint desde 'models\CNN3D\20250614-010515\model_CNN3D_best.pth'
2025-06-14 08:45:13 - __main__ - INFO - Instanciando modelo CNN3D.
2025-06-14 08:45:13 - src.preprocess.dataset_soccernet - INFO - Tama침o de salida detectado de la transformaci칩n 'Resize': (128, 128)
2025-06-14 08:45:13 - src.models.main_cnn3d - INFO - Dimensiones de entrada al modelo (C, T, H, W): (1, 16, 128, 128)
2025-06-14 08:45:13 - src.models.main_cnn3d - INFO - Dimensiones tras self.features (antes de adaptive_pool): torch.Size([1, 64, 2, 16, 16])
2025-06-14 08:45:13 - src.models.main_cnn3d - INFO - Despu칠s de adaptive_pool, las dimensiones espaciales/temporales se reducen a (1,1,1).
2025-06-14 08:45:13 - src.models.main_cnn3d - INFO - N칰mero de caracter칤sticas para la capa lineal (FC): 64
2025-06-14 08:45:13 - __main__ - INFO - An치lisis con ventana deslizante (stride: 2.0 seg)
2025-06-14 08:45:13 - __main__ - ERROR - No se pudo obtener la informaci칩n del v칤deo con PyAV: unsupported operand type(s) for *: 'NoneType' and 'Fraction'
2025-06-14 08:45:13 - __main__ - WARNING - No se encontraron predicciones que superaran sus respectivos umbrales de confianza.
2025-06-14 08:45:13 - __main__ - INFO - Resultados guardados en: results\eventos_partido.json
2025-06-14 08:53:04 - src.utils.utils - INFO - Verificaci칩n completada, iniciando sistema 游游游
2025-06-14 08:53:04 - __main__ - INFO - Usando dispositivo: cpu
2025-06-14 08:53:04 - __main__ - INFO - Usando umbrales de confianza por clase: {'Goal': 0.85, 'Yellow card': 0.7, 'Substitution': 0.75, 'Corner': 0.9}
2025-06-14 08:53:04 - __main__ - INFO - Cargando checkpoint desde 'models\CNN3D\20250614-010515\model_CNN3D_best.pth'
2025-06-14 08:53:04 - __main__ - INFO - Instanciando modelo CNN3D.
2025-06-14 08:53:04 - src.preprocess.dataset_soccernet - INFO - Tama침o de salida detectado de la transformaci칩n 'Resize': (128, 128)
2025-06-14 08:53:04 - src.models.main_cnn3d - INFO - Dimensiones de entrada al modelo (C, T, H, W): (1, 16, 128, 128)
2025-06-14 08:53:04 - src.models.main_cnn3d - INFO - Dimensiones tras self.features (antes de adaptive_pool): torch.Size([1, 64, 2, 16, 16])
2025-06-14 08:53:04 - src.models.main_cnn3d - INFO - Despu칠s de adaptive_pool, las dimensiones espaciales/temporales se reducen a (1,1,1).
2025-06-14 08:53:04 - src.models.main_cnn3d - INFO - N칰mero de caracter칤sticas para la capa lineal (FC): 64
2025-06-14 08:53:04 - __main__ - INFO - An치lisis con ventana deslizante (stride: 2.0 seg)
2025-06-14 08:53:04 - __main__ - WARNING - La duraci칩n del stream no est치 disponible para '1_720p_recortado.mkv'. Usando la duraci칩n del contenedor como fallback.
2025-06-14 08:53:04 - __main__ - INFO - Duraci칩n del v칤deo detectada: 60.02 segundos.
2025-06-14 08:53:29 - __main__ - INFO - Fase 2 completada. Se generaron 29 predicciones crudas.
2025-06-14 08:53:29 - __main__ - INFO - Se encontraron 4 predicciones de alta confianza despu칠s del filtrado inicial.
2025-06-14 08:53:29 - __main__ - INFO - Se detectaron 3 eventos significativos.
2025-06-14 08:53:29 - __main__ - INFO - Resultados guardados en: results\eventos_partido.json
