2025-06-12 23:20:12 - src.utils.utils - INFO - Verificaci贸n completada, iniciando sistema 
2025-06-12 23:20:12 - __main__ - INFO - Procesando 'inference\england_epl\2016-2017\2017-05-06 - 17-00 Leicester 3 - 0 Watford\1_720p.mkv'
2025-06-12 23:20:12 - __main__ - INFO - Corte desde el minuto: 0.00, Duraci贸n: 1.00 minutos
2025-06-12 23:20:24 - __main__ - INFO - '1_720p_recortado.mkv' generado.
2025-06-12 23:20:24 - __main__ - INFO - Procesando 'inference\england_epl\2016-2017\2017-05-06 - 17-00 Leicester 3 - 0 Watford\1_720p_recortado.mkv'
2025-06-12 23:20:24 - __main__ - INFO - Corte desde el minuto: 0.00, Duraci贸n: 1.00 minutos
2025-06-12 23:20:24 - __main__ - WARNING - Al parecer '1_720p_recortado.mkv' NO es un video de soccernet. Su duraci贸n es menor a 45.00 minutos. Saltando.
2025-06-12 23:20:24 - __main__ - INFO - Procesando 'inference\england_epl\2016-2017\2017-05-06 - 17-00 Leicester 3 - 0 Watford\2_720p.mkv'
2025-06-12 23:20:24 - __main__ - INFO - Corte desde el minuto: 0.00, Duraci贸n: 1.00 minutos
2025-06-12 23:20:35 - __main__ - INFO - '2_720p_recortado.mkv' generado.
2025-06-12 23:20:35 - __main__ - INFO - Procesando 'inference\england_epl\2016-2017\2017-05-06 - 17-00 Leicester 3 - 0 Watford\2_720p_recortado.mkv'
2025-06-12 23:20:35 - __main__ - INFO - Corte desde el minuto: 0.00, Duraci贸n: 1.00 minutos
2025-06-12 23:20:35 - __main__ - WARNING - Al parecer '2_720p_recortado.mkv' NO es un video de soccernet. Su duraci贸n es menor a 45.00 minutos. Saltando.
2025-06-14 08:34:33 - src.utils.utils - INFO - Verificaci贸n completada, iniciando sistema 
2025-06-14 08:34:33 - __main__ - INFO - Procesando 'inference\england_epl\2016-2017\2017-05-06 - 17-00 Leicester 3 - 0 Watford\1_720p.mkv'
2025-06-14 08:34:33 - __main__ - INFO - Corte desde el minuto: 0.00, Duraci贸n: 10.00 minutos
2025-06-14 08:36:11 - __main__ - INFO - '1_720p_recortado.mkv' generado.
2025-06-14 08:36:11 - __main__ - INFO - Procesando 'inference\england_epl\2016-2017\2017-05-06 - 17-00 Leicester 3 - 0 Watford\1_720p_recortado.mkv'
2025-06-14 08:36:11 - __main__ - INFO - Corte desde el minuto: 0.00, Duraci贸n: 10.00 minutos
2025-06-14 08:36:11 - __main__ - WARNING - Al parecer '1_720p_recortado.mkv' NO es un video de soccernet. Su duraci贸n es menor a 45.00 minutos. Saltando.
2025-06-14 08:36:11 - __main__ - INFO - Procesando 'inference\england_epl\2016-2017\2017-05-06 - 17-00 Leicester 3 - 0 Watford\2_720p.mkv'
2025-06-14 08:36:11 - __main__ - INFO - Corte desde el minuto: 0.00, Duraci贸n: 10.00 minutos
2025-06-14 08:37:52 - __main__ - INFO - '2_720p_recortado.mkv' generado.
2025-06-14 08:37:52 - __main__ - INFO - Procesando 'inference\england_epl\2016-2017\2017-05-06 - 17-00 Leicester 3 - 0 Watford\2_720p_recortado.mkv'
2025-06-14 08:37:52 - __main__ - INFO - Corte desde el minuto: 0.00, Duraci贸n: 10.00 minutos
2025-06-14 08:37:52 - __main__ - WARNING - Al parecer '2_720p_recortado.mkv' NO es un video de soccernet. Su duraci贸n es menor a 45.00 minutos. Saltando.
2025-06-14 08:46:44 - src.utils.utils - INFO - Verificaci贸n completada, iniciando sistema 
2025-06-14 08:46:44 - __main__ - INFO - Procesando 'inference\england_epl\2016-2017\2017-05-06 - 17-00 Leicester 3 - 0 Watford\1_720p.mkv'
2025-06-14 08:46:44 - __main__ - INFO - Corte desde el minuto: 0.00, Duraci贸n: 1.00 minutos
2025-06-14 08:46:56 - __main__ - INFO - '1_720p_recortado.mkv' generado.
2025-06-14 08:46:56 - __main__ - INFO - Procesando 'inference\england_epl\2016-2017\2017-05-06 - 17-00 Leicester 3 - 0 Watford\1_720p_recortado.mkv'
2025-06-14 08:46:56 - __main__ - INFO - Corte desde el minuto: 0.00, Duraci贸n: 1.00 minutos
2025-06-14 08:46:56 - __main__ - WARNING - Al parecer '1_720p_recortado.mkv' NO es un video de soccernet. Su duraci贸n es menor a 45.00 minutos. Saltando.
2025-06-14 08:46:56 - __main__ - INFO - Procesando 'inference\england_epl\2016-2017\2017-05-06 - 17-00 Leicester 3 - 0 Watford\2_720p.mkv'
2025-06-14 08:46:56 - __main__ - INFO - Corte desde el minuto: 0.00, Duraci贸n: 1.00 minutos
2025-06-14 08:47:08 - __main__ - INFO - '2_720p_recortado.mkv' generado.
2025-06-14 08:47:08 - __main__ - INFO - Procesando 'inference\england_epl\2016-2017\2017-05-06 - 17-00 Leicester 3 - 0 Watford\2_720p_recortado.mkv'
2025-06-14 08:47:08 - __main__ - INFO - Corte desde el minuto: 0.00, Duraci贸n: 1.00 minutos
2025-06-14 08:47:08 - __main__ - WARNING - Al parecer '2_720p_recortado.mkv' NO es un video de soccernet. Su duraci贸n es menor a 45.00 minutos. Saltando.
2025-06-19 17:26:41 - src.utils.utils - INFO - Verificaci贸n completada, iniciando sistema 
2025-06-19 17:26:41 - __main__ - INFO - Procesando 'inference\spain_laliga\2016-2017\2017-04-26 - 20-30 Barcelona 7 - 1 Osasuna\1_720p.mkv'
2025-06-19 17:26:41 - __main__ - INFO - Corte desde el minuto: 11.00, Duraci贸n: 11.00 minutos
2025-06-19 17:28:39 - __main__ - INFO - '1_720p_recortado.mkv' generado.
2025-06-19 17:28:39 - __main__ - INFO - Procesando 'inference\spain_laliga\2016-2017\2017-04-26 - 20-30 Barcelona 7 - 1 Osasuna\2_720p.mkv'
2025-06-19 17:28:39 - __main__ - INFO - Corte desde el minuto: 11.00, Duraci贸n: 11.00 minutos
2025-06-19 17:30:34 - __main__ - INFO - '2_720p_recortado.mkv' generado.
