2025-06-14 13:24:02 - src.utils.utils - INFO - Verificaci贸n completada, iniciando sistema 
2025-06-14 13:24:02 - __main__ - INFO - Iniciando arquitectura  de modelo RESNET - Transfer Learning con R(2+1)D_18.
2025-06-14 13:24:02 - __main__ - INFO - Usando dispositivo: cuda
2025-06-14 13:24:02 - __main__ - INFO - Frames por clip: 16, Duraci贸n clip: 3.0s
2025-06-14 13:24:02 - __main__ - INFO - Cargando modelo R(2+1)D_18 pre-entrenado con pesos Kinetics-400.
2025-06-14 13:24:04 - __main__ - INFO - Congelando pesos del backbone pre-entrenado.
2025-06-14 13:24:04 - __main__ - INFO - Cabeza de clasificaci贸n reemplazada: 512 -> 4 clases.
2025-06-14 13:24:04 - __main__ - INFO - Descongelando el 煤ltimo bloque (BasicBlock) de model.layer4 y model.fc
2025-06-14 13:24:04 - __main__ - INFO - Descongelando: layer4.1.conv1.0.0.weight
2025-06-14 13:24:04 - __main__ - INFO - Descongelando: layer4.1.conv1.0.1.weight
2025-06-14 13:24:04 - __main__ - INFO - Descongelando: layer4.1.conv1.0.1.bias
2025-06-14 13:24:04 - __main__ - INFO - Descongelando: layer4.1.conv1.0.3.weight
2025-06-14 13:24:04 - __main__ - INFO - Descongelando: layer4.1.conv1.1.weight
2025-06-14 13:24:04 - __main__ - INFO - Descongelando: layer4.1.conv1.1.bias
2025-06-14 13:24:04 - __main__ - INFO - Descongelando: layer4.1.conv2.0.0.weight
2025-06-14 13:24:04 - __main__ - INFO - Descongelando: layer4.1.conv2.0.1.weight
2025-06-14 13:24:04 - __main__ - INFO - Descongelando: layer4.1.conv2.0.1.bias
2025-06-14 13:24:04 - __main__ - INFO - Descongelando: layer4.1.conv2.0.3.weight
2025-06-14 13:24:04 - __main__ - INFO - Descongelando: layer4.1.conv2.1.weight
2025-06-14 13:24:04 - __main__ - INFO - Descongelando: layer4.1.conv2.1.bias
2025-06-14 13:24:04 - __main__ - INFO - Optimizador configurado con LR diferencial: 煤ltimo bloque de layer4=1e-05, fc=0.001
2025-06-14 13:24:04 - __main__ - INFO - Arquitectura del modelo:
2025-06-14 13:24:04 - __main__ - INFO - VideoResNet(
  (stem): R2Plus1dStem(
    (0): Conv3d(3, 45, kernel_size=(1, 7, 7), stride=(1, 2, 2), padding=(0, 3, 3), bias=False)
    (1): BatchNorm3d(45, eps=1e-05, momentum=0.1, affine=True, track_running_stats=True)
    (2): ReLU(inplace=True)
    (3): Conv3d(45, 64, kernel_size=(3, 1, 1), stride=(1, 1, 1), padding=(1, 0, 0), bias=False)
    (4): BatchNorm3d(64, eps=1e-05, momentum=0.1, affine=True, track_running_stats=True)
    (5): ReLU(inplace=True)
  )
  (layer1): Sequential(
    (0): BasicBlock(
      (conv1): Sequential(
        (0): Conv2Plus1D(
          (0): Conv3d(64, 144, kernel_size=(1, 3, 3), stride=(1, 1, 1), padding=(0, 1, 1), bias=False)
          (1): BatchNorm3d(144, eps=1e-05, momentum=0.1, affine=True, track_running_stats=True)
          (2): ReLU(inplace=True)
          (3): Conv3d(144, 64, kernel_size=(3, 1, 1), stride=(1, 1, 1), padding=(1, 0, 0), bias=False)
        )
        (1): BatchNorm3d(64, eps=1e-05, momentum=0.1, affine=True, track_running_stats=True)
        (2): ReLU(inplace=True)
      )
      (conv2): Sequential(
        (0): Conv2Plus1D(
          (0): Conv3d(64, 144, kernel_size=(1, 3, 3), stride=(1, 1, 1), padding=(0, 1, 1), bias=False)
          (1): BatchNorm3d(144, eps=1e-05, momentum=0.1, affine=True, track_running_stats=True)
          (2): ReLU(inplace=True)
          (3): Conv3d(144, 64, kernel_size=(3, 1, 1), stride=(1, 1, 1), padding=(1, 0, 0), bias=False)
        )
        (1): BatchNorm3d(64, eps=1e-05, momentum=0.1, affine=True, track_running_stats=True)
      )
      (relu): ReLU(inplace=True)
    )
    (1): BasicBlock(
      (conv1): Sequential(
        (0): Conv2Plus1D(
          (0): Conv3d(64, 144, kernel_size=(1, 3, 3), stride=(1, 1, 1), padding=(0, 1, 1), bias=False)
          (1): BatchNorm3d(144, eps=1e-05, momentum=0.1, affine=True, track_running_stats=True)
          (2): ReLU(inplace=True)
          (3): Conv3d(144, 64, kernel_size=(3, 1, 1), stride=(1, 1, 1), padding=(1, 0, 0), bias=False)
        )
        (1): BatchNorm3d(64, eps=1e-05, momentum=0.1, affine=True, track_running_stats=True)
        (2): ReLU(inplace=True)
      )
      (conv2): Sequential(
        (0): Conv2Plus1D(
          (0): Conv3d(64, 144, kernel_size=(1, 3, 3), stride=(1, 1, 1), padding=(0, 1, 1), bias=False)
          (1): BatchNorm3d(144, eps=1e-05, momentum=0.1, affine=True, track_running_stats=True)
          (2): ReLU(inplace=True)
          (3): Conv3d(144, 64, kernel_size=(3, 1, 1), stride=(1, 1, 1), padding=(1, 0, 0), bias=False)
        )
        (1): BatchNorm3d(64, eps=1e-05, momentum=0.1, affine=True, track_running_stats=True)
      )
      (relu): ReLU(inplace=True)
    )
  )
  (layer2): Sequential(
    (0): BasicBlock(
      (conv1): Sequential(
        (0): Conv2Plus1D(
          (0): Conv3d(64, 230, kernel_size=(1, 3, 3), stride=(1, 2, 2), padding=(0, 1, 1), bias=False)
          (1): BatchNorm3d(230, eps=1e-05, momentum=0.1, affine=True, track_running_stats=True)
          (2): ReLU(inplace=True)
          (3): Conv3d(230, 128, kernel_size=(3, 1, 1), stride=(2, 1, 1), padding=(1, 0, 0), bias=False)
        )
        (1): BatchNorm3d(128, eps=1e-05, momentum=0.1, affine=True, track_running_stats=True)
        (2): ReLU(inplace=True)
      )
      (conv2): Sequential(
        (0): Conv2Plus1D(
          (0): Conv3d(128, 230, kernel_size=(1, 3, 3), stride=(1, 1, 1), padding=(0, 1, 1), bias=False)
          (1): BatchNorm3d(230, eps=1e-05, momentum=0.1, affine=True, track_running_stats=True)
          (2): ReLU(inplace=True)
          (3): Conv3d(230, 128, kernel_size=(3, 1, 1), stride=(1, 1, 1), padding=(1, 0, 0), bias=False)
        )
        (1): BatchNorm3d(128, eps=1e-05, momentum=0.1, affine=True, track_running_stats=True)
      )
      (relu): ReLU(inplace=True)
      (downsample): Sequential(
        (0): Conv3d(64, 128, kernel_size=(1, 1, 1), stride=(2, 2, 2), bias=False)
        (1): BatchNorm3d(128, eps=1e-05, momentum=0.1, affine=True, track_running_stats=True)
      )
    )
    (1): BasicBlock(
      (conv1): Sequential(
        (0): Conv2Plus1D(
          (0): Conv3d(128, 288, kernel_size=(1, 3, 3), stride=(1, 1, 1), padding=(0, 1, 1), bias=False)
          (1): BatchNorm3d(288, eps=1e-05, momentum=0.1, affine=True, track_running_stats=True)
          (2): ReLU(inplace=True)
          (3): Conv3d(288, 128, kernel_size=(3, 1, 1), stride=(1, 1, 1), padding=(1, 0, 0), bias=False)
        )
        (1): BatchNorm3d(128, eps=1e-05, momentum=0.1, affine=True, track_running_stats=True)
        (2): ReLU(inplace=True)
      )
      (conv2): Sequential(
        (0): Conv2Plus1D(
          (0): Conv3d(128, 288, kernel_size=(1, 3, 3), stride=(1, 1, 1), padding=(0, 1, 1), bias=False)
          (1): BatchNorm3d(288, eps=1e-05, momentum=0.1, affine=True, track_running_stats=True)
          (2): ReLU(inplace=True)
          (3): Conv3d(288, 128, kernel_size=(3, 1, 1), stride=(1, 1, 1), padding=(1, 0, 0), bias=False)
        )
        (1): BatchNorm3d(128, eps=1e-05, momentum=0.1, affine=True, track_running_stats=True)
      )
      (relu): ReLU(inplace=True)
    )
  )
  (layer3): Sequential(
    (0): BasicBlock(
      (conv1): Sequential(
        (0): Conv2Plus1D(
          (0): Conv3d(128, 460, kernel_size=(1, 3, 3), stride=(1, 2, 2), padding=(0, 1, 1), bias=False)
          (1): BatchNorm3d(460, eps=1e-05, momentum=0.1, affine=True, track_running_stats=True)
          (2): ReLU(inplace=True)
          (3): Conv3d(460, 256, kernel_size=(3, 1, 1), stride=(2, 1, 1), padding=(1, 0, 0), bias=False)
        )
        (1): BatchNorm3d(256, eps=1e-05, momentum=0.1, affine=True, track_running_stats=True)
        (2): ReLU(inplace=True)
      )
      (conv2): Sequential(
        (0): Conv2Plus1D(
          (0): Conv3d(256, 460, kernel_size=(1, 3, 3), stride=(1, 1, 1), padding=(0, 1, 1), bias=False)
          (1): BatchNorm3d(460, eps=1e-05, momentum=0.1, affine=True, track_running_stats=True)
          (2): ReLU(inplace=True)
          (3): Conv3d(460, 256, kernel_size=(3, 1, 1), stride=(1, 1, 1), padding=(1, 0, 0), bias=False)
        )
        (1): BatchNorm3d(256, eps=1e-05, momentum=0.1, affine=True, track_running_stats=True)
      )
      (relu): ReLU(inplace=True)
      (downsample): Sequential(
        (0): Conv3d(128, 256, kernel_size=(1, 1, 1), stride=(2, 2, 2), bias=False)
        (1): BatchNorm3d(256, eps=1e-05, momentum=0.1, affine=True, track_running_stats=True)
      )
    )
    (1): BasicBlock(
      (conv1): Sequential(
        (0): Conv2Plus1D(
          (0): Conv3d(256, 576, kernel_size=(1, 3, 3), stride=(1, 1, 1), padding=(0, 1, 1), bias=False)
          (1): BatchNorm3d(576, eps=1e-05, momentum=0.1, affine=True, track_running_stats=True)
          (2): ReLU(inplace=True)
          (3): Conv3d(576, 256, kernel_size=(3, 1, 1), stride=(1, 1, 1), padding=(1, 0, 0), bias=False)
        )
        (1): BatchNorm3d(256, eps=1e-05, momentum=0.1, affine=True, track_running_stats=True)
        (2): ReLU(inplace=True)
      )
      (conv2): Sequential(
        (0): Conv2Plus1D(
          (0): Conv3d(256, 576, kernel_size=(1, 3, 3), stride=(1, 1, 1), padding=(0, 1, 1), bias=False)
          (1): BatchNorm3d(576, eps=1e-05, momentum=0.1, affine=True, track_running_stats=True)
          (2): ReLU(inplace=True)
          (3): Conv3d(576, 256, kernel_size=(3, 1, 1), stride=(1, 1, 1), padding=(1, 0, 0), bias=False)
        )
        (1): BatchNorm3d(256, eps=1e-05, momentum=0.1, affine=True, track_running_stats=True)
      )
      (relu): ReLU(inplace=True)
    )
  )
  (layer4): Sequential(
    (0): BasicBlock(
      (conv1): Sequential(
        (0): Conv2Plus1D(
          (0): Conv3d(256, 921, kernel_size=(1, 3, 3), stride=(1, 2, 2), padding=(0, 1, 1), bias=False)
          (1): BatchNorm3d(921, eps=1e-05, momentum=0.1, affine=True, track_running_stats=True)
          (2): ReLU(inplace=True)
          (3): Conv3d(921, 512, kernel_size=(3, 1, 1), stride=(2, 1, 1), padding=(1, 0, 0), bias=False)
        )
        (1): BatchNorm3d(512, eps=1e-05, momentum=0.1, affine=True, track_running_stats=True)
        (2): ReLU(inplace=True)
      )
      (conv2): Sequential(
        (0): Conv2Plus1D(
          (0): Conv3d(512, 921, kernel_size=(1, 3, 3), stride=(1, 1, 1), padding=(0, 1, 1), bias=False)
          (1): BatchNorm3d(921, eps=1e-05, momentum=0.1, affine=True, track_running_stats=True)
          (2): ReLU(inplace=True)
          (3): Conv3d(921, 512, kernel_size=(3, 1, 1), stride=(1, 1, 1), padding=(1, 0, 0), bias=False)
        )
        (1): BatchNorm3d(512, eps=1e-05, momentum=0.1, affine=True, track_running_stats=True)
      )
      (relu): ReLU(inplace=True)
      (downsample): Sequential(
        (0): Conv3d(256, 512, kernel_size=(1, 1, 1), stride=(2, 2, 2), bias=False)
        (1): BatchNorm3d(512, eps=1e-05, momentum=0.1, affine=True, track_running_stats=True)
      )
    )
    (1): BasicBlock(
      (conv1): Sequential(
        (0): Conv2Plus1D(
          (0): Conv3d(512, 1152, kernel_size=(1, 3, 3), stride=(1, 1, 1), padding=(0, 1, 1), bias=False)
          (1): BatchNorm3d(1152, eps=1e-05, momentum=0.1, affine=True, track_running_stats=True)
          (2): ReLU(inplace=True)
          (3): Conv3d(1152, 512, kernel_size=(3, 1, 1), stride=(1, 1, 1), padding=(1, 0, 0), bias=False)
        )
        (1): BatchNorm3d(512, eps=1e-05, momentum=0.1, affine=True, track_running_stats=True)
        (2): ReLU(inplace=True)
      )
      (conv2): Sequential(
        (0): Conv2Plus1D(
          (0): Conv3d(512, 1152, kernel_size=(1, 3, 3), stride=(1, 1, 1), padding=(0, 1, 1), bias=False)
          (1): BatchNorm3d(1152, eps=1e-05, momentum=0.1, affine=True, track_running_stats=True)
          (2): ReLU(inplace=True)
          (3): Conv3d(1152, 512, kernel_size=(3, 1, 1), stride=(1, 1, 1), padding=(1, 0, 0), bias=False)
        )
        (1): BatchNorm3d(512, eps=1e-05, momentum=0.1, affine=True, track_running_stats=True)
      )
      (relu): ReLU(inplace=True)
    )
  )
  (avgpool): AdaptiveAvgPool3d(output_size=(1, 1, 1))
  (fc): Linear(in_features=512, out_features=4, bias=True)
)
2025-06-14 13:24:04 - __main__ - INFO - Transformaciones deterministas que acepta el modelo:
2025-06-14 13:24:04 - __main__ - INFO - VideoClassification(
    crop_size=[112, 112]
    resize_size=[128, 171]
    mean=[0.43216, 0.394666, 0.37645]
    std=[0.22803, 0.22145, 0.216989]
    interpolation=InterpolationMode.BILINEAR
)
2025-06-14 13:24:04 - src.preprocess.dataset_soccernet - INFO - Tama帽o de salida detectado de la transformaci贸n 'CenterCrop': (112, 112)
2025-06-14 13:24:04 - src.preprocess.dataset_soccernet - INFO - 1. Creando dataset base para obtener la lista de todos los v铆deos.
2025-06-14 13:24:04 - src.preprocess.dataset_soccernet - INFO - DatasetSoccernet encontr贸 11132 videos en dataset/soccernet_actions.
2025-06-14 13:24:04 - src.preprocess.dataset_soccernet - INFO - 2. Extraer los paths (X) y las etiquetas (y) para la estratificaci贸n.
2025-06-14 13:24:04 - src.preprocess.dataset_soccernet - INFO - 3. Primera divisi贸n: separar el conjunto de Test
2025-06-14 13:24:04 - src.preprocess.dataset_soccernet - INFO - 4. Segunda divisi贸n: separar Train y Validation del conjunto temporal
2025-06-14 13:24:04 - src.preprocess.dataset_soccernet - INFO - Creando DataLoaders con batch_size: 32
2025-06-14 13:24:04 - src.preprocess.dataset_soccernet - INFO - 5. Datasets y DataLoaders creados. Train (7792 videos). Validation (1670 videos). Test (1670 videos).
2025-06-14 13:24:04 - __main__ - INFO - Scheduler ReduceLROnPlateau activado: paciencia=5, factor=0.5, monitoreando val_loss.
2025-06-14 13:24:04 - __main__ - INFO - Optimizando par谩metros de: todo el modelo
2025-06-14 13:24:04 - src.models.engine_training - INFO - Iniciando nuevo entrenamiento: 20250614-132404
2025-06-14 13:24:04 - __main__ - INFO - Iniciando nuevo entrenamiento desde 茅poca 1.
2025-06-14 13:24:04 - src.models.engine_training - INFO - Entrenamiento iniciado (model_RESNET)... N煤mero de 茅pocas: 1 (desde 1 hasta 1)
2025-06-14 13:24:04 - src.models.engine_training - INFO - Se guardar谩n los checkpoints en: 'models/RESNET/20250614-132404'
2025-06-14 13:26:35 - src.models.engine_training - INFO - Epoch [1/1], Step [5/244], Loss: 1.3637
2025-06-17 18:44:41 - src.utils.utils - INFO - Verificaci贸n completada, iniciando sistema 
2025-06-17 18:44:41 - __main__ - INFO - Iniciando arquitectura  de modelo RESNET - Transfer Learning con R(2+1)D_18.
2025-06-17 18:44:41 - __main__ - INFO - Usando dispositivo: cuda
2025-06-17 18:44:41 - __main__ - INFO - Frames por clip: 16, Duraci贸n clip: 3.0s
2025-06-17 18:44:41 - __main__ - INFO - Cargando modelo R(2+1)D_18 pre-entrenado con pesos Kinetics-400.
2025-06-17 18:44:42 - __main__ - INFO - Congelando pesos del backbone pre-entrenado.
2025-06-17 18:44:42 - __main__ - INFO - Cabeza de clasificaci贸n reemplazada: 512 -> 4 clases.
2025-06-17 18:44:42 - __main__ - INFO - Descongelando el 煤ltimo bloque (BasicBlock) de model.layer4 y model.fc
2025-06-17 18:44:42 - __main__ - INFO - Descongelando: layer4.1.conv1.0.0.weight
2025-06-17 18:44:42 - __main__ - INFO - Descongelando: layer4.1.conv1.0.1.weight
2025-06-17 18:44:42 - __main__ - INFO - Descongelando: layer4.1.conv1.0.1.bias
2025-06-17 18:44:42 - __main__ - INFO - Descongelando: layer4.1.conv1.0.3.weight
2025-06-17 18:44:42 - __main__ - INFO - Descongelando: layer4.1.conv1.1.weight
2025-06-17 18:44:42 - __main__ - INFO - Descongelando: layer4.1.conv1.1.bias
2025-06-17 18:44:42 - __main__ - INFO - Descongelando: layer4.1.conv2.0.0.weight
2025-06-17 18:44:42 - __main__ - INFO - Descongelando: layer4.1.conv2.0.1.weight
2025-06-17 18:44:42 - __main__ - INFO - Descongelando: layer4.1.conv2.0.1.bias
2025-06-17 18:44:42 - __main__ - INFO - Descongelando: layer4.1.conv2.0.3.weight
2025-06-17 18:44:42 - __main__ - INFO - Descongelando: layer4.1.conv2.1.weight
2025-06-17 18:44:42 - __main__ - INFO - Descongelando: layer4.1.conv2.1.bias
2025-06-17 18:44:42 - __main__ - INFO - Optimizador configurado con LR diferencial: 煤ltimo bloque de layer4=1e-05, fc=0.001
2025-06-17 18:44:42 - __main__ - INFO - Arquitectura del modelo:
2025-06-17 18:44:42 - __main__ - INFO - VideoResNet(
  (stem): R2Plus1dStem(
    (0): Conv3d(3, 45, kernel_size=(1, 7, 7), stride=(1, 2, 2), padding=(0, 3, 3), bias=False)
    (1): BatchNorm3d(45, eps=1e-05, momentum=0.1, affine=True, track_running_stats=True)
    (2): ReLU(inplace=True)
    (3): Conv3d(45, 64, kernel_size=(3, 1, 1), stride=(1, 1, 1), padding=(1, 0, 0), bias=False)
    (4): BatchNorm3d(64, eps=1e-05, momentum=0.1, affine=True, track_running_stats=True)
    (5): ReLU(inplace=True)
  )
  (layer1): Sequential(
    (0): BasicBlock(
      (conv1): Sequential(
        (0): Conv2Plus1D(
          (0): Conv3d(64, 144, kernel_size=(1, 3, 3), stride=(1, 1, 1), padding=(0, 1, 1), bias=False)
          (1): BatchNorm3d(144, eps=1e-05, momentum=0.1, affine=True, track_running_stats=True)
          (2): ReLU(inplace=True)
          (3): Conv3d(144, 64, kernel_size=(3, 1, 1), stride=(1, 1, 1), padding=(1, 0, 0), bias=False)
        )
        (1): BatchNorm3d(64, eps=1e-05, momentum=0.1, affine=True, track_running_stats=True)
        (2): ReLU(inplace=True)
      )
      (conv2): Sequential(
        (0): Conv2Plus1D(
          (0): Conv3d(64, 144, kernel_size=(1, 3, 3), stride=(1, 1, 1), padding=(0, 1, 1), bias=False)
          (1): BatchNorm3d(144, eps=1e-05, momentum=0.1, affine=True, track_running_stats=True)
          (2): ReLU(inplace=True)
          (3): Conv3d(144, 64, kernel_size=(3, 1, 1), stride=(1, 1, 1), padding=(1, 0, 0), bias=False)
        )
        (1): BatchNorm3d(64, eps=1e-05, momentum=0.1, affine=True, track_running_stats=True)
      )
      (relu): ReLU(inplace=True)
    )
    (1): BasicBlock(
      (conv1): Sequential(
        (0): Conv2Plus1D(
          (0): Conv3d(64, 144, kernel_size=(1, 3, 3), stride=(1, 1, 1), padding=(0, 1, 1), bias=False)
          (1): BatchNorm3d(144, eps=1e-05, momentum=0.1, affine=True, track_running_stats=True)
          (2): ReLU(inplace=True)
          (3): Conv3d(144, 64, kernel_size=(3, 1, 1), stride=(1, 1, 1), padding=(1, 0, 0), bias=False)
        )
        (1): BatchNorm3d(64, eps=1e-05, momentum=0.1, affine=True, track_running_stats=True)
        (2): ReLU(inplace=True)
      )
      (conv2): Sequential(
        (0): Conv2Plus1D(
          (0): Conv3d(64, 144, kernel_size=(1, 3, 3), stride=(1, 1, 1), padding=(0, 1, 1), bias=False)
          (1): BatchNorm3d(144, eps=1e-05, momentum=0.1, affine=True, track_running_stats=True)
          (2): ReLU(inplace=True)
          (3): Conv3d(144, 64, kernel_size=(3, 1, 1), stride=(1, 1, 1), padding=(1, 0, 0), bias=False)
        )
        (1): BatchNorm3d(64, eps=1e-05, momentum=0.1, affine=True, track_running_stats=True)
      )
      (relu): ReLU(inplace=True)
    )
  )
  (layer2): Sequential(
    (0): BasicBlock(
      (conv1): Sequential(
        (0): Conv2Plus1D(
          (0): Conv3d(64, 230, kernel_size=(1, 3, 3), stride=(1, 2, 2), padding=(0, 1, 1), bias=False)
          (1): BatchNorm3d(230, eps=1e-05, momentum=0.1, affine=True, track_running_stats=True)
          (2): ReLU(inplace=True)
          (3): Conv3d(230, 128, kernel_size=(3, 1, 1), stride=(2, 1, 1), padding=(1, 0, 0), bias=False)
        )
        (1): BatchNorm3d(128, eps=1e-05, momentum=0.1, affine=True, track_running_stats=True)
        (2): ReLU(inplace=True)
      )
      (conv2): Sequential(
        (0): Conv2Plus1D(
          (0): Conv3d(128, 230, kernel_size=(1, 3, 3), stride=(1, 1, 1), padding=(0, 1, 1), bias=False)
          (1): BatchNorm3d(230, eps=1e-05, momentum=0.1, affine=True, track_running_stats=True)
          (2): ReLU(inplace=True)
          (3): Conv3d(230, 128, kernel_size=(3, 1, 1), stride=(1, 1, 1), padding=(1, 0, 0), bias=False)
        )
        (1): BatchNorm3d(128, eps=1e-05, momentum=0.1, affine=True, track_running_stats=True)
      )
      (relu): ReLU(inplace=True)
      (downsample): Sequential(
        (0): Conv3d(64, 128, kernel_size=(1, 1, 1), stride=(2, 2, 2), bias=False)
        (1): BatchNorm3d(128, eps=1e-05, momentum=0.1, affine=True, track_running_stats=True)
      )
    )
    (1): BasicBlock(
      (conv1): Sequential(
        (0): Conv2Plus1D(
          (0): Conv3d(128, 288, kernel_size=(1, 3, 3), stride=(1, 1, 1), padding=(0, 1, 1), bias=False)
          (1): BatchNorm3d(288, eps=1e-05, momentum=0.1, affine=True, track_running_stats=True)
          (2): ReLU(inplace=True)
          (3): Conv3d(288, 128, kernel_size=(3, 1, 1), stride=(1, 1, 1), padding=(1, 0, 0), bias=False)
        )
        (1): BatchNorm3d(128, eps=1e-05, momentum=0.1, affine=True, track_running_stats=True)
        (2): ReLU(inplace=True)
      )
      (conv2): Sequential(
        (0): Conv2Plus1D(
          (0): Conv3d(128, 288, kernel_size=(1, 3, 3), stride=(1, 1, 1), padding=(0, 1, 1), bias=False)
          (1): BatchNorm3d(288, eps=1e-05, momentum=0.1, affine=True, track_running_stats=True)
          (2): ReLU(inplace=True)
          (3): Conv3d(288, 128, kernel_size=(3, 1, 1), stride=(1, 1, 1), padding=(1, 0, 0), bias=False)
        )
        (1): BatchNorm3d(128, eps=1e-05, momentum=0.1, affine=True, track_running_stats=True)
      )
      (relu): ReLU(inplace=True)
    )
  )
  (layer3): Sequential(
    (0): BasicBlock(
      (conv1): Sequential(
        (0): Conv2Plus1D(
          (0): Conv3d(128, 460, kernel_size=(1, 3, 3), stride=(1, 2, 2), padding=(0, 1, 1), bias=False)
          (1): BatchNorm3d(460, eps=1e-05, momentum=0.1, affine=True, track_running_stats=True)
          (2): ReLU(inplace=True)
          (3): Conv3d(460, 256, kernel_size=(3, 1, 1), stride=(2, 1, 1), padding=(1, 0, 0), bias=False)
        )
        (1): BatchNorm3d(256, eps=1e-05, momentum=0.1, affine=True, track_running_stats=True)
        (2): ReLU(inplace=True)
      )
      (conv2): Sequential(
        (0): Conv2Plus1D(
          (0): Conv3d(256, 460, kernel_size=(1, 3, 3), stride=(1, 1, 1), padding=(0, 1, 1), bias=False)
          (1): BatchNorm3d(460, eps=1e-05, momentum=0.1, affine=True, track_running_stats=True)
          (2): ReLU(inplace=True)
          (3): Conv3d(460, 256, kernel_size=(3, 1, 1), stride=(1, 1, 1), padding=(1, 0, 0), bias=False)
        )
        (1): BatchNorm3d(256, eps=1e-05, momentum=0.1, affine=True, track_running_stats=True)
      )
      (relu): ReLU(inplace=True)
      (downsample): Sequential(
        (0): Conv3d(128, 256, kernel_size=(1, 1, 1), stride=(2, 2, 2), bias=False)
        (1): BatchNorm3d(256, eps=1e-05, momentum=0.1, affine=True, track_running_stats=True)
      )
    )
    (1): BasicBlock(
      (conv1): Sequential(
        (0): Conv2Plus1D(
          (0): Conv3d(256, 576, kernel_size=(1, 3, 3), stride=(1, 1, 1), padding=(0, 1, 1), bias=False)
          (1): BatchNorm3d(576, eps=1e-05, momentum=0.1, affine=True, track_running_stats=True)
          (2): ReLU(inplace=True)
          (3): Conv3d(576, 256, kernel_size=(3, 1, 1), stride=(1, 1, 1), padding=(1, 0, 0), bias=False)
        )
        (1): BatchNorm3d(256, eps=1e-05, momentum=0.1, affine=True, track_running_stats=True)
        (2): ReLU(inplace=True)
      )
      (conv2): Sequential(
        (0): Conv2Plus1D(
          (0): Conv3d(256, 576, kernel_size=(1, 3, 3), stride=(1, 1, 1), padding=(0, 1, 1), bias=False)
          (1): BatchNorm3d(576, eps=1e-05, momentum=0.1, affine=True, track_running_stats=True)
          (2): ReLU(inplace=True)
          (3): Conv3d(576, 256, kernel_size=(3, 1, 1), stride=(1, 1, 1), padding=(1, 0, 0), bias=False)
        )
        (1): BatchNorm3d(256, eps=1e-05, momentum=0.1, affine=True, track_running_stats=True)
      )
      (relu): ReLU(inplace=True)
    )
  )
  (layer4): Sequential(
    (0): BasicBlock(
      (conv1): Sequential(
        (0): Conv2Plus1D(
          (0): Conv3d(256, 921, kernel_size=(1, 3, 3), stride=(1, 2, 2), padding=(0, 1, 1), bias=False)
          (1): BatchNorm3d(921, eps=1e-05, momentum=0.1, affine=True, track_running_stats=True)
          (2): ReLU(inplace=True)
          (3): Conv3d(921, 512, kernel_size=(3, 1, 1), stride=(2, 1, 1), padding=(1, 0, 0), bias=False)
        )
        (1): BatchNorm3d(512, eps=1e-05, momentum=0.1, affine=True, track_running_stats=True)
        (2): ReLU(inplace=True)
      )
      (conv2): Sequential(
        (0): Conv2Plus1D(
          (0): Conv3d(512, 921, kernel_size=(1, 3, 3), stride=(1, 1, 1), padding=(0, 1, 1), bias=False)
          (1): BatchNorm3d(921, eps=1e-05, momentum=0.1, affine=True, track_running_stats=True)
          (2): ReLU(inplace=True)
          (3): Conv3d(921, 512, kernel_size=(3, 1, 1), stride=(1, 1, 1), padding=(1, 0, 0), bias=False)
        )
        (1): BatchNorm3d(512, eps=1e-05, momentum=0.1, affine=True, track_running_stats=True)
      )
      (relu): ReLU(inplace=True)
      (downsample): Sequential(
        (0): Conv3d(256, 512, kernel_size=(1, 1, 1), stride=(2, 2, 2), bias=False)
        (1): BatchNorm3d(512, eps=1e-05, momentum=0.1, affine=True, track_running_stats=True)
      )
    )
    (1): BasicBlock(
      (conv1): Sequential(
        (0): Conv2Plus1D(
          (0): Conv3d(512, 1152, kernel_size=(1, 3, 3), stride=(1, 1, 1), padding=(0, 1, 1), bias=False)
          (1): BatchNorm3d(1152, eps=1e-05, momentum=0.1, affine=True, track_running_stats=True)
          (2): ReLU(inplace=True)
          (3): Conv3d(1152, 512, kernel_size=(3, 1, 1), stride=(1, 1, 1), padding=(1, 0, 0), bias=False)
        )
        (1): BatchNorm3d(512, eps=1e-05, momentum=0.1, affine=True, track_running_stats=True)
        (2): ReLU(inplace=True)
      )
      (conv2): Sequential(
        (0): Conv2Plus1D(
          (0): Conv3d(512, 1152, kernel_size=(1, 3, 3), stride=(1, 1, 1), padding=(0, 1, 1), bias=False)
          (1): BatchNorm3d(1152, eps=1e-05, momentum=0.1, affine=True, track_running_stats=True)
          (2): ReLU(inplace=True)
          (3): Conv3d(1152, 512, kernel_size=(3, 1, 1), stride=(1, 1, 1), padding=(1, 0, 0), bias=False)
        )
        (1): BatchNorm3d(512, eps=1e-05, momentum=0.1, affine=True, track_running_stats=True)
      )
      (relu): ReLU(inplace=True)
    )
  )
  (avgpool): AdaptiveAvgPool3d(output_size=(1, 1, 1))
  (fc): Linear(in_features=512, out_features=4, bias=True)
)
2025-06-17 18:44:42 - __main__ - INFO - Transformaciones deterministas que acepta el modelo:
2025-06-17 18:44:42 - __main__ - INFO - VideoClassification(
    crop_size=[112, 112]
    resize_size=[128, 171]
    mean=[0.43216, 0.394666, 0.37645]
    std=[0.22803, 0.22145, 0.216989]
    interpolation=InterpolationMode.BILINEAR
)
2025-06-17 18:44:42 - src.preprocess.dataset_soccernet - INFO - Tama帽o de salida detectado de la transformaci贸n 'CenterCrop': (112, 112)
2025-06-17 18:44:42 - src.preprocess.dataset_soccernet - INFO - 1. Creando dataset base para obtener la lista de todos los v铆deos.
2025-06-17 18:44:42 - src.preprocess.dataset_soccernet - INFO - DatasetSoccernet encontr贸 11132 videos en dataset/soccernet_actions.
2025-06-17 18:44:42 - src.preprocess.dataset_soccernet - INFO - 2. Extraer los paths (X) y las etiquetas (y) para la estratificaci贸n.
2025-06-17 18:44:42 - src.preprocess.dataset_soccernet - INFO - 3. Primera divisi贸n: separar el conjunto de Test
2025-06-17 18:44:42 - src.preprocess.dataset_soccernet - INFO - 4. Segunda divisi贸n: separar Train y Validation del conjunto temporal
2025-06-17 18:44:42 - src.preprocess.dataset_soccernet - INFO - Creando DataLoaders con batch_size: 64
2025-06-17 18:44:42 - src.preprocess.dataset_soccernet - INFO - 5. Datasets y DataLoaders creados. Train (7792 videos). Validation (1670 videos). Test (1670 videos).
2025-06-17 18:44:42 - __main__ - INFO - Scheduler ReduceLROnPlateau activado: paciencia=5, factor=0.5, monitoreando val_loss.
2025-06-17 18:44:42 - __main__ - INFO - Optimizando par谩metros de: todo el modelo
2025-06-17 18:44:42 - src.models.engine_training - INFO - Iniciando nuevo entrenamiento: 20250617-184442
2025-06-17 18:44:42 - __main__ - INFO - Iniciando nuevo entrenamiento desde 茅poca 1.
2025-06-17 18:44:42 - src.models.engine_training - INFO - Entrenamiento iniciado (model_RESNET)... N煤mero de 茅pocas: 1 (desde 1 hasta 1)
2025-06-17 18:44:42 - src.models.engine_training - INFO - Se guardar谩n los checkpoints en: 'models/RESNET/20250617-184442'
2025-06-17 18:47:05 - src.utils.utils - INFO - Verificaci贸n completada, iniciando sistema 
2025-06-17 18:47:05 - __main__ - INFO - Iniciando arquitectura  de modelo RESNET - Transfer Learning con R(2+1)D_18.
2025-06-17 18:47:05 - __main__ - INFO - Usando dispositivo: cuda
2025-06-17 18:47:05 - __main__ - INFO - Frames por clip: 16, Duraci贸n clip: 3.0s
2025-06-17 18:47:05 - __main__ - INFO - Cargando modelo R(2+1)D_18 pre-entrenado con pesos Kinetics-400.
2025-06-17 18:47:06 - __main__ - INFO - Congelando pesos del backbone pre-entrenado.
2025-06-17 18:47:06 - __main__ - INFO - Cabeza de clasificaci贸n reemplazada: 512 -> 4 clases.
2025-06-17 18:47:06 - __main__ - INFO - Descongelando el 煤ltimo bloque (BasicBlock) de model.layer4 y model.fc
2025-06-17 18:47:06 - __main__ - INFO - Descongelando: layer4.1.conv1.0.0.weight
2025-06-17 18:47:06 - __main__ - INFO - Descongelando: layer4.1.conv1.0.1.weight
2025-06-17 18:47:06 - __main__ - INFO - Descongelando: layer4.1.conv1.0.1.bias
2025-06-17 18:47:06 - __main__ - INFO - Descongelando: layer4.1.conv1.0.3.weight
2025-06-17 18:47:06 - __main__ - INFO - Descongelando: layer4.1.conv1.1.weight
2025-06-17 18:47:06 - __main__ - INFO - Descongelando: layer4.1.conv1.1.bias
2025-06-17 18:47:06 - __main__ - INFO - Descongelando: layer4.1.conv2.0.0.weight
2025-06-17 18:47:06 - __main__ - INFO - Descongelando: layer4.1.conv2.0.1.weight
2025-06-17 18:47:06 - __main__ - INFO - Descongelando: layer4.1.conv2.0.1.bias
2025-06-17 18:47:06 - __main__ - INFO - Descongelando: layer4.1.conv2.0.3.weight
2025-06-17 18:47:06 - __main__ - INFO - Descongelando: layer4.1.conv2.1.weight
2025-06-17 18:47:06 - __main__ - INFO - Descongelando: layer4.1.conv2.1.bias
2025-06-17 18:47:06 - __main__ - INFO - Optimizador configurado con LR diferencial: 煤ltimo bloque de layer4=1e-05, fc=0.001
2025-06-17 18:47:06 - __main__ - INFO - Arquitectura del modelo:
2025-06-17 18:47:06 - __main__ - INFO - VideoResNet(
  (stem): R2Plus1dStem(
    (0): Conv3d(3, 45, kernel_size=(1, 7, 7), stride=(1, 2, 2), padding=(0, 3, 3), bias=False)
    (1): BatchNorm3d(45, eps=1e-05, momentum=0.1, affine=True, track_running_stats=True)
    (2): ReLU(inplace=True)
    (3): Conv3d(45, 64, kernel_size=(3, 1, 1), stride=(1, 1, 1), padding=(1, 0, 0), bias=False)
    (4): BatchNorm3d(64, eps=1e-05, momentum=0.1, affine=True, track_running_stats=True)
    (5): ReLU(inplace=True)
  )
  (layer1): Sequential(
    (0): BasicBlock(
      (conv1): Sequential(
        (0): Conv2Plus1D(
          (0): Conv3d(64, 144, kernel_size=(1, 3, 3), stride=(1, 1, 1), padding=(0, 1, 1), bias=False)
          (1): BatchNorm3d(144, eps=1e-05, momentum=0.1, affine=True, track_running_stats=True)
          (2): ReLU(inplace=True)
          (3): Conv3d(144, 64, kernel_size=(3, 1, 1), stride=(1, 1, 1), padding=(1, 0, 0), bias=False)
        )
        (1): BatchNorm3d(64, eps=1e-05, momentum=0.1, affine=True, track_running_stats=True)
        (2): ReLU(inplace=True)
      )
      (conv2): Sequential(
        (0): Conv2Plus1D(
          (0): Conv3d(64, 144, kernel_size=(1, 3, 3), stride=(1, 1, 1), padding=(0, 1, 1), bias=False)
          (1): BatchNorm3d(144, eps=1e-05, momentum=0.1, affine=True, track_running_stats=True)
          (2): ReLU(inplace=True)
          (3): Conv3d(144, 64, kernel_size=(3, 1, 1), stride=(1, 1, 1), padding=(1, 0, 0), bias=False)
        )
        (1): BatchNorm3d(64, eps=1e-05, momentum=0.1, affine=True, track_running_stats=True)
      )
      (relu): ReLU(inplace=True)
    )
    (1): BasicBlock(
      (conv1): Sequential(
        (0): Conv2Plus1D(
          (0): Conv3d(64, 144, kernel_size=(1, 3, 3), stride=(1, 1, 1), padding=(0, 1, 1), bias=False)
          (1): BatchNorm3d(144, eps=1e-05, momentum=0.1, affine=True, track_running_stats=True)
          (2): ReLU(inplace=True)
          (3): Conv3d(144, 64, kernel_size=(3, 1, 1), stride=(1, 1, 1), padding=(1, 0, 0), bias=False)
        )
        (1): BatchNorm3d(64, eps=1e-05, momentum=0.1, affine=True, track_running_stats=True)
        (2): ReLU(inplace=True)
      )
      (conv2): Sequential(
        (0): Conv2Plus1D(
          (0): Conv3d(64, 144, kernel_size=(1, 3, 3), stride=(1, 1, 1), padding=(0, 1, 1), bias=False)
          (1): BatchNorm3d(144, eps=1e-05, momentum=0.1, affine=True, track_running_stats=True)
          (2): ReLU(inplace=True)
          (3): Conv3d(144, 64, kernel_size=(3, 1, 1), stride=(1, 1, 1), padding=(1, 0, 0), bias=False)
        )
        (1): BatchNorm3d(64, eps=1e-05, momentum=0.1, affine=True, track_running_stats=True)
      )
      (relu): ReLU(inplace=True)
    )
  )
  (layer2): Sequential(
    (0): BasicBlock(
      (conv1): Sequential(
        (0): Conv2Plus1D(
          (0): Conv3d(64, 230, kernel_size=(1, 3, 3), stride=(1, 2, 2), padding=(0, 1, 1), bias=False)
          (1): BatchNorm3d(230, eps=1e-05, momentum=0.1, affine=True, track_running_stats=True)
          (2): ReLU(inplace=True)
          (3): Conv3d(230, 128, kernel_size=(3, 1, 1), stride=(2, 1, 1), padding=(1, 0, 0), bias=False)
        )
        (1): BatchNorm3d(128, eps=1e-05, momentum=0.1, affine=True, track_running_stats=True)
        (2): ReLU(inplace=True)
      )
      (conv2): Sequential(
        (0): Conv2Plus1D(
          (0): Conv3d(128, 230, kernel_size=(1, 3, 3), stride=(1, 1, 1), padding=(0, 1, 1), bias=False)
          (1): BatchNorm3d(230, eps=1e-05, momentum=0.1, affine=True, track_running_stats=True)
          (2): ReLU(inplace=True)
          (3): Conv3d(230, 128, kernel_size=(3, 1, 1), stride=(1, 1, 1), padding=(1, 0, 0), bias=False)
        )
        (1): BatchNorm3d(128, eps=1e-05, momentum=0.1, affine=True, track_running_stats=True)
      )
      (relu): ReLU(inplace=True)
      (downsample): Sequential(
        (0): Conv3d(64, 128, kernel_size=(1, 1, 1), stride=(2, 2, 2), bias=False)
        (1): BatchNorm3d(128, eps=1e-05, momentum=0.1, affine=True, track_running_stats=True)
      )
    )
    (1): BasicBlock(
      (conv1): Sequential(
        (0): Conv2Plus1D(
          (0): Conv3d(128, 288, kernel_size=(1, 3, 3), stride=(1, 1, 1), padding=(0, 1, 1), bias=False)
          (1): BatchNorm3d(288, eps=1e-05, momentum=0.1, affine=True, track_running_stats=True)
          (2): ReLU(inplace=True)
          (3): Conv3d(288, 128, kernel_size=(3, 1, 1), stride=(1, 1, 1), padding=(1, 0, 0), bias=False)
        )
        (1): BatchNorm3d(128, eps=1e-05, momentum=0.1, affine=True, track_running_stats=True)
        (2): ReLU(inplace=True)
      )
      (conv2): Sequential(
        (0): Conv2Plus1D(
          (0): Conv3d(128, 288, kernel_size=(1, 3, 3), stride=(1, 1, 1), padding=(0, 1, 1), bias=False)
          (1): BatchNorm3d(288, eps=1e-05, momentum=0.1, affine=True, track_running_stats=True)
          (2): ReLU(inplace=True)
          (3): Conv3d(288, 128, kernel_size=(3, 1, 1), stride=(1, 1, 1), padding=(1, 0, 0), bias=False)
        )
        (1): BatchNorm3d(128, eps=1e-05, momentum=0.1, affine=True, track_running_stats=True)
      )
      (relu): ReLU(inplace=True)
    )
  )
  (layer3): Sequential(
    (0): BasicBlock(
      (conv1): Sequential(
        (0): Conv2Plus1D(
          (0): Conv3d(128, 460, kernel_size=(1, 3, 3), stride=(1, 2, 2), padding=(0, 1, 1), bias=False)
          (1): BatchNorm3d(460, eps=1e-05, momentum=0.1, affine=True, track_running_stats=True)
          (2): ReLU(inplace=True)
          (3): Conv3d(460, 256, kernel_size=(3, 1, 1), stride=(2, 1, 1), padding=(1, 0, 0), bias=False)
        )
        (1): BatchNorm3d(256, eps=1e-05, momentum=0.1, affine=True, track_running_stats=True)
        (2): ReLU(inplace=True)
      )
      (conv2): Sequential(
        (0): Conv2Plus1D(
          (0): Conv3d(256, 460, kernel_size=(1, 3, 3), stride=(1, 1, 1), padding=(0, 1, 1), bias=False)
          (1): BatchNorm3d(460, eps=1e-05, momentum=0.1, affine=True, track_running_stats=True)
          (2): ReLU(inplace=True)
          (3): Conv3d(460, 256, kernel_size=(3, 1, 1), stride=(1, 1, 1), padding=(1, 0, 0), bias=False)
        )
        (1): BatchNorm3d(256, eps=1e-05, momentum=0.1, affine=True, track_running_stats=True)
      )
      (relu): ReLU(inplace=True)
      (downsample): Sequential(
        (0): Conv3d(128, 256, kernel_size=(1, 1, 1), stride=(2, 2, 2), bias=False)
        (1): BatchNorm3d(256, eps=1e-05, momentum=0.1, affine=True, track_running_stats=True)
      )
    )
    (1): BasicBlock(
      (conv1): Sequential(
        (0): Conv2Plus1D(
          (0): Conv3d(256, 576, kernel_size=(1, 3, 3), stride=(1, 1, 1), padding=(0, 1, 1), bias=False)
          (1): BatchNorm3d(576, eps=1e-05, momentum=0.1, affine=True, track_running_stats=True)
          (2): ReLU(inplace=True)
          (3): Conv3d(576, 256, kernel_size=(3, 1, 1), stride=(1, 1, 1), padding=(1, 0, 0), bias=False)
        )
        (1): BatchNorm3d(256, eps=1e-05, momentum=0.1, affine=True, track_running_stats=True)
        (2): ReLU(inplace=True)
      )
      (conv2): Sequential(
        (0): Conv2Plus1D(
          (0): Conv3d(256, 576, kernel_size=(1, 3, 3), stride=(1, 1, 1), padding=(0, 1, 1), bias=False)
          (1): BatchNorm3d(576, eps=1e-05, momentum=0.1, affine=True, track_running_stats=True)
          (2): ReLU(inplace=True)
          (3): Conv3d(576, 256, kernel_size=(3, 1, 1), stride=(1, 1, 1), padding=(1, 0, 0), bias=False)
        )
        (1): BatchNorm3d(256, eps=1e-05, momentum=0.1, affine=True, track_running_stats=True)
      )
      (relu): ReLU(inplace=True)
    )
  )
  (layer4): Sequential(
    (0): BasicBlock(
      (conv1): Sequential(
        (0): Conv2Plus1D(
          (0): Conv3d(256, 921, kernel_size=(1, 3, 3), stride=(1, 2, 2), padding=(0, 1, 1), bias=False)
          (1): BatchNorm3d(921, eps=1e-05, momentum=0.1, affine=True, track_running_stats=True)
          (2): ReLU(inplace=True)
          (3): Conv3d(921, 512, kernel_size=(3, 1, 1), stride=(2, 1, 1), padding=(1, 0, 0), bias=False)
        )
        (1): BatchNorm3d(512, eps=1e-05, momentum=0.1, affine=True, track_running_stats=True)
        (2): ReLU(inplace=True)
      )
      (conv2): Sequential(
        (0): Conv2Plus1D(
          (0): Conv3d(512, 921, kernel_size=(1, 3, 3), stride=(1, 1, 1), padding=(0, 1, 1), bias=False)
          (1): BatchNorm3d(921, eps=1e-05, momentum=0.1, affine=True, track_running_stats=True)
          (2): ReLU(inplace=True)
          (3): Conv3d(921, 512, kernel_size=(3, 1, 1), stride=(1, 1, 1), padding=(1, 0, 0), bias=False)
        )
        (1): BatchNorm3d(512, eps=1e-05, momentum=0.1, affine=True, track_running_stats=True)
      )
      (relu): ReLU(inplace=True)
      (downsample): Sequential(
        (0): Conv3d(256, 512, kernel_size=(1, 1, 1), stride=(2, 2, 2), bias=False)
        (1): BatchNorm3d(512, eps=1e-05, momentum=0.1, affine=True, track_running_stats=True)
      )
    )
    (1): BasicBlock(
      (conv1): Sequential(
        (0): Conv2Plus1D(
          (0): Conv3d(512, 1152, kernel_size=(1, 3, 3), stride=(1, 1, 1), padding=(0, 1, 1), bias=False)
          (1): BatchNorm3d(1152, eps=1e-05, momentum=0.1, affine=True, track_running_stats=True)
          (2): ReLU(inplace=True)
          (3): Conv3d(1152, 512, kernel_size=(3, 1, 1), stride=(1, 1, 1), padding=(1, 0, 0), bias=False)
        )
        (1): BatchNorm3d(512, eps=1e-05, momentum=0.1, affine=True, track_running_stats=True)
        (2): ReLU(inplace=True)
      )
      (conv2): Sequential(
        (0): Conv2Plus1D(
          (0): Conv3d(512, 1152, kernel_size=(1, 3, 3), stride=(1, 1, 1), padding=(0, 1, 1), bias=False)
          (1): BatchNorm3d(1152, eps=1e-05, momentum=0.1, affine=True, track_running_stats=True)
          (2): ReLU(inplace=True)
          (3): Conv3d(1152, 512, kernel_size=(3, 1, 1), stride=(1, 1, 1), padding=(1, 0, 0), bias=False)
        )
        (1): BatchNorm3d(512, eps=1e-05, momentum=0.1, affine=True, track_running_stats=True)
      )
      (relu): ReLU(inplace=True)
    )
  )
  (avgpool): AdaptiveAvgPool3d(output_size=(1, 1, 1))
  (fc): Linear(in_features=512, out_features=4, bias=True)
)
2025-06-17 18:47:06 - __main__ - INFO - Transformaciones deterministas que acepta el modelo:
2025-06-17 18:47:06 - __main__ - INFO - VideoClassification(
    crop_size=[112, 112]
    resize_size=[128, 171]
    mean=[0.43216, 0.394666, 0.37645]
    std=[0.22803, 0.22145, 0.216989]
    interpolation=InterpolationMode.BILINEAR
)
2025-06-17 18:47:06 - src.preprocess.dataset_soccernet - INFO - Tama帽o de salida detectado de la transformaci贸n 'CenterCrop': (112, 112)
2025-06-17 18:47:06 - src.preprocess.dataset_soccernet - INFO - 1. Creando dataset base para obtener la lista de todos los v铆deos.
2025-06-17 18:47:06 - src.preprocess.dataset_soccernet - INFO - DatasetSoccernet encontr贸 11132 videos en dataset/soccernet_actions.
2025-06-17 18:47:06 - src.preprocess.dataset_soccernet - INFO - 2. Extraer los paths (X) y las etiquetas (y) para la estratificaci贸n.
2025-06-17 18:47:06 - src.preprocess.dataset_soccernet - INFO - 3. Primera divisi贸n: separar el conjunto de Test
2025-06-17 18:47:06 - src.preprocess.dataset_soccernet - INFO - 4. Segunda divisi贸n: separar Train y Validation del conjunto temporal
2025-06-17 18:47:06 - src.preprocess.dataset_soccernet - INFO - Creando DataLoaders con batch_size: 64
2025-06-17 18:47:06 - src.preprocess.dataset_soccernet - INFO - 5. Datasets y DataLoaders creados. Train (7792 videos). Validation (1670 videos). Test (1670 videos).
2025-06-17 18:47:06 - __main__ - INFO - Scheduler ReduceLROnPlateau activado: paciencia=5, factor=0.5, monitoreando val_loss.
2025-06-17 18:47:06 - __main__ - INFO - Optimizando par谩metros de: todo el modelo
2025-06-17 18:47:06 - src.models.engine_training - INFO - Iniciando nuevo entrenamiento: 20250617-184706
2025-06-17 18:47:06 - __main__ - INFO - Iniciando nuevo entrenamiento desde 茅poca 1.
2025-06-17 18:47:06 - src.models.engine_training - INFO - Entrenamiento iniciado (model_RESNET)... N煤mero de 茅pocas: 60 (desde 1 hasta 60)
2025-06-17 18:47:06 - src.models.engine_training - INFO - Se guardar谩n los checkpoints en: 'models/RESNET/20250617-184706'
